<?xml version="1.0" encoding="UTF-8"?>
<coverage generated="1728453033">
  <project timestamp="1728453033">
    <file name="/var/www/src/AuthorisationContext/Domain/Exception/ShallNotPassException.php">
      <class name="App\AuthorisationContext\Domain\Exception\ShallNotPassException" namespace="global">
        <metrics complexity="1" methods="1" coveredmethods="0" conditionals="0" coveredconditionals="0" statements="6" coveredstatements="0" elements="7" coveredelements="0"/>
      </class>
      <line num="12" type="method" name="from" visibility="public" complexity="1" crap="2" count="0"/>
      <line num="14" type="stmt" count="0"/>
      <line num="15" type="stmt" count="0"/>
      <line num="16" type="stmt" count="0"/>
      <line num="17" type="stmt" count="0"/>
      <line num="18" type="stmt" count="0"/>
      <line num="19" type="stmt" count="0"/>
      <metrics loc="22" ncloc="22" classes="1" methods="1" coveredmethods="0" conditionals="0" coveredconditionals="0" statements="6" coveredstatements="0" elements="7" coveredelements="0"/>
    </file>
    <file name="/var/www/src/AuthorisationContext/Domain/ValueObject/CacheKey.php">
      <class name="App\AuthorisationContext\Domain\ValueObject\CacheKey" namespace="global">
        <metrics complexity="2" methods="2" coveredmethods="0" conditionals="0" coveredconditionals="0" statements="2" coveredstatements="0" elements="4" coveredelements="0"/>
      </class>
      <line num="14" type="method" name="key" visibility="public" complexity="1" crap="2" count="0"/>
      <line num="16" type="stmt" count="0"/>
      <line num="19" type="method" name="ensureItIsValid" visibility="protected" complexity="1" crap="2" count="0"/>
      <line num="21" type="stmt" count="0"/>
      <metrics loc="24" ncloc="24" classes="1" methods="2" coveredmethods="0" conditionals="0" coveredconditionals="0" statements="2" coveredstatements="0" elements="4" coveredelements="0"/>
    </file>
    <file name="/var/www/src/DataFixtures/AppFixtures.php">
      <class name="App\DataFixtures\AppFixtures" namespace="global">
        <metrics complexity="8" methods="4" coveredmethods="0" conditionals="0" coveredconditionals="0" statements="24" coveredstatements="0" elements="28" coveredelements="0"/>
      </class>
      <line num="24" type="method" name="load" visibility="public" complexity="1" crap="2" count="0"/>
      <line num="26" type="stmt" count="0"/>
      <line num="27" type="stmt" count="0"/>
      <line num="28" type="stmt" count="0"/>
      <line num="34" type="method" name="loadFactions" visibility="private" complexity="3" crap="12" count="0"/>
      <line num="36" type="stmt" count="0"/>
      <line num="37" type="stmt" count="0"/>
      <line num="38" type="stmt" count="0"/>
      <line num="39" type="stmt" count="0"/>
      <line num="41" type="stmt" count="0"/>
      <line num="42" type="stmt" count="0"/>
      <line num="44" type="stmt" count="0"/>
      <line num="50" type="method" name="loadEquipments" visibility="private" complexity="3" crap="12" count="0"/>
      <line num="52" type="stmt" count="0"/>
      <line num="53" type="stmt" count="0"/>
      <line num="54" type="stmt" count="0"/>
      <line num="55" type="stmt" count="0"/>
      <line num="57" type="stmt" count="0"/>
      <line num="58" type="stmt" count="0"/>
      <line num="60" type="stmt" count="0"/>
      <line num="66" type="method" name="loadCharacter" visibility="private" complexity="1" crap="2" count="0"/>
      <line num="68" type="stmt" count="0"/>
      <line num="69" type="stmt" count="0"/>
      <line num="70" type="stmt" count="0"/>
      <line num="71" type="stmt" count="0"/>
      <line num="72" type="stmt" count="0"/>
      <line num="73" type="stmt" count="0"/>
      <line num="74" type="stmt" count="0"/>
      <metrics loc="77" ncloc="65" classes="1" methods="4" coveredmethods="0" conditionals="0" coveredconditionals="0" statements="24" coveredstatements="0" elements="28" coveredelements="0"/>
    </file>
    <file name="/var/www/src/Kernel.php">
      <class name="App\Kernel" namespace="global">
        <metrics complexity="0" methods="0" coveredmethods="0" conditionals="0" coveredconditionals="0" statements="0" coveredstatements="0" elements="0" coveredelements="0"/>
      </class>
      <metrics loc="12" ncloc="12" classes="0" methods="0" coveredmethods="0" conditionals="0" coveredconditionals="0" statements="0" coveredstatements="0" elements="0" coveredelements="0"/>
    </file>
    <file name="/var/www/src/LotrContext/Application/Command/Character/CreateCharacter/CreateCharacterCommand.php">
      <class name="App\LotrContext\Application\Command\Character\CreateCharacter\CreateCharacterCommand" namespace="global">
        <metrics complexity="7" methods="7" coveredmethods="0" conditionals="0" coveredconditionals="0" statements="12" coveredstatements="0" elements="19" coveredelements="0"/>
      </class>
      <line num="16" type="method" name="__construct" visibility="public" complexity="1" crap="2" count="0"/>
      <line num="24" type="stmt" count="0"/>
      <line num="25" type="stmt" count="0"/>
      <line num="26" type="stmt" count="0"/>
      <line num="27" type="stmt" count="0"/>
      <line num="28" type="stmt" count="0"/>
      <line num="29" type="stmt" count="0"/>
      <line num="32" type="method" name="identifier" visibility="public" complexity="1" crap="2" count="0"/>
      <line num="34" type="stmt" count="0"/>
      <line num="37" type="method" name="name" visibility="public" complexity="1" crap="2" count="0"/>
      <line num="39" type="stmt" count="0"/>
      <line num="42" type="method" name="birthDate" visibility="public" complexity="1" crap="2" count="0"/>
      <line num="44" type="stmt" count="0"/>
      <line num="47" type="method" name="kingdom" visibility="public" complexity="1" crap="2" count="0"/>
      <line num="49" type="stmt" count="0"/>
      <line num="52" type="method" name="equipmentId" visibility="public" complexity="1" crap="2" count="0"/>
      <line num="54" type="stmt" count="0"/>
      <line num="57" type="method" name="factionId" visibility="public" complexity="1" crap="2" count="0"/>
      <line num="59" type="stmt" count="0"/>
      <metrics loc="62" ncloc="59" classes="1" methods="7" coveredmethods="0" conditionals="0" coveredconditionals="0" statements="12" coveredstatements="0" elements="19" coveredelements="0"/>
    </file>
    <file name="/var/www/src/LotrContext/Application/Command/Character/CreateCharacter/CreateCharacterCommandHandler.php">
      <class name="App\LotrContext\Application\Command\Character\CreateCharacter\CreateCharacterCommandHandler" namespace="global">
        <metrics complexity="2" methods="2" coveredmethods="0" conditionals="0" coveredconditionals="0" statements="16" coveredstatements="0" elements="18" coveredelements="0"/>
      </class>
      <line num="18" type="method" name="__construct" visibility="public" complexity="1" crap="2" count="0"/>
      <line num="22" type="stmt" count="0"/>
      <line num="27" type="method" name="__invoke" visibility="public" complexity="1" crap="2" count="0"/>
      <line num="29" type="stmt" count="0"/>
      <line num="30" type="stmt" count="0"/>
      <line num="31" type="stmt" count="0"/>
      <line num="32" type="stmt" count="0"/>
      <line num="33" type="stmt" count="0"/>
      <line num="34" type="stmt" count="0"/>
      <line num="35" type="stmt" count="0"/>
      <line num="36" type="stmt" count="0"/>
      <line num="37" type="stmt" count="0"/>
      <line num="38" type="stmt" count="0"/>
      <line num="39" type="stmt" count="0"/>
      <line num="40" type="stmt" count="0"/>
      <line num="41" type="stmt" count="0"/>
      <line num="42" type="stmt" count="0"/>
      <line num="44" type="stmt" count="0"/>
      <metrics loc="47" ncloc="44" classes="1" methods="2" coveredmethods="0" conditionals="0" coveredconditionals="0" statements="16" coveredstatements="0" elements="18" coveredelements="0"/>
    </file>
    <file name="/var/www/src/LotrContext/Application/Command/Character/DeleteCharacter/DeleteCharacterCommand.php">
      <class name="App\LotrContext\Application\Command\Character\DeleteCharacter\DeleteCharacterCommand" namespace="global">
        <metrics complexity="2" methods="2" coveredmethods="0" conditionals="0" coveredconditionals="0" statements="2" coveredstatements="0" elements="4" coveredelements="0"/>
      </class>
      <line num="12" type="method" name="__construct" visibility="public" complexity="1" crap="2" count="0"/>
      <line num="14" type="stmt" count="0"/>
      <line num="17" type="method" name="id" visibility="public" complexity="1" crap="2" count="0"/>
      <line num="19" type="stmt" count="0"/>
      <metrics loc="22" ncloc="22" classes="1" methods="2" coveredmethods="0" conditionals="0" coveredconditionals="0" statements="2" coveredstatements="0" elements="4" coveredelements="0"/>
    </file>
    <file name="/var/www/src/LotrContext/Application/Command/Character/DeleteCharacter/DeleteCharacterCommandHandler.php">
      <class name="App\LotrContext\Application\Command\Character\DeleteCharacter\DeleteCharacterCommandHandler" namespace="global">
        <metrics complexity="2" methods="2" coveredmethods="0" conditionals="0" coveredconditionals="0" statements="4" coveredstatements="0" elements="6" coveredelements="0"/>
      </class>
      <line num="15" type="method" name="__construct" visibility="public" complexity="1" crap="2" count="0"/>
      <line num="19" type="stmt" count="0"/>
      <line num="24" type="method" name="__invoke" visibility="public" complexity="1" crap="2" count="0"/>
      <line num="26" type="stmt" count="0"/>
      <line num="27" type="stmt" count="0"/>
      <line num="29" type="stmt" count="0"/>
      <metrics loc="32" ncloc="29" classes="1" methods="2" coveredmethods="0" conditionals="0" coveredconditionals="0" statements="4" coveredstatements="0" elements="6" coveredelements="0"/>
    </file>
    <file name="/var/www/src/LotrContext/Application/Command/Character/UpdateCharacter/UpdateCharacterCommand.php">
      <class name="App\LotrContext\Application\Command\Character\UpdateCharacter\UpdateCharacterCommand" namespace="global">
        <metrics complexity="7" methods="7" coveredmethods="0" conditionals="0" coveredconditionals="0" statements="12" coveredstatements="0" elements="19" coveredelements="0"/>
      </class>
      <line num="12" type="method" name="__construct" visibility="public" complexity="1" crap="2" count="0"/>
      <line num="20" type="stmt" count="0"/>
      <line num="21" type="stmt" count="0"/>
      <line num="22" type="stmt" count="0"/>
      <line num="23" type="stmt" count="0"/>
      <line num="24" type="stmt" count="0"/>
      <line num="25" type="stmt" count="0"/>
      <line num="28" type="method" name="identifier" visibility="public" complexity="1" crap="2" count="0"/>
      <line num="30" type="stmt" count="0"/>
      <line num="33" type="method" name="name" visibility="public" complexity="1" crap="2" count="0"/>
      <line num="35" type="stmt" count="0"/>
      <line num="38" type="method" name="birthDate" visibility="public" complexity="1" crap="2" count="0"/>
      <line num="40" type="stmt" count="0"/>
      <line num="43" type="method" name="kingdom" visibility="public" complexity="1" crap="2" count="0"/>
      <line num="45" type="stmt" count="0"/>
      <line num="48" type="method" name="equipmentId" visibility="public" complexity="1" crap="2" count="0"/>
      <line num="50" type="stmt" count="0"/>
      <line num="53" type="method" name="factionId" visibility="public" complexity="1" crap="2" count="0"/>
      <line num="55" type="stmt" count="0"/>
      <metrics loc="58" ncloc="58" classes="1" methods="7" coveredmethods="0" conditionals="0" coveredconditionals="0" statements="12" coveredstatements="0" elements="19" coveredelements="0"/>
    </file>
    <file name="/var/www/src/LotrContext/Application/Command/Character/UpdateCharacter/UpdateCharacterCommandHandler.php">
      <class name="App\LotrContext\Application\Command\Character\UpdateCharacter\UpdateCharacterCommandHandler" namespace="global">
        <metrics complexity="2" methods="2" coveredmethods="0" conditionals="0" coveredconditionals="0" statements="16" coveredstatements="0" elements="18" coveredelements="0"/>
      </class>
      <line num="18" type="method" name="__construct" visibility="public" complexity="1" crap="2" count="0"/>
      <line num="22" type="stmt" count="0"/>
      <line num="27" type="method" name="__invoke" visibility="public" complexity="1" crap="2" count="0"/>
      <line num="29" type="stmt" count="0"/>
      <line num="30" type="stmt" count="0"/>
      <line num="31" type="stmt" count="0"/>
      <line num="32" type="stmt" count="0"/>
      <line num="33" type="stmt" count="0"/>
      <line num="34" type="stmt" count="0"/>
      <line num="36" type="stmt" count="0"/>
      <line num="37" type="stmt" count="0"/>
      <line num="38" type="stmt" count="0"/>
      <line num="39" type="stmt" count="0"/>
      <line num="40" type="stmt" count="0"/>
      <line num="41" type="stmt" count="0"/>
      <line num="42" type="stmt" count="0"/>
      <line num="43" type="stmt" count="0"/>
      <line num="45" type="stmt" count="0"/>
      <metrics loc="48" ncloc="45" classes="1" methods="2" coveredmethods="0" conditionals="0" coveredconditionals="0" statements="16" coveredstatements="0" elements="18" coveredelements="0"/>
    </file>
    <file name="/var/www/src/LotrContext/Application/Command/Equipment/CreateEquipment/CreateEquipmentCommand.php">
      <class name="App\LotrContext\Application\Command\Equipment\CreateEquipment\CreateEquipmentCommand" namespace="global">
        <metrics complexity="5" methods="5" coveredmethods="5" conditionals="0" coveredconditionals="0" statements="8" coveredstatements="8" elements="13" coveredelements="13"/>
      </class>
      <line num="16" type="method" name="__construct" visibility="public" complexity="1" crap="1" count="6"/>
      <line num="22" type="stmt" count="6"/>
      <line num="23" type="stmt" count="5"/>
      <line num="24" type="stmt" count="4"/>
      <line num="25" type="stmt" count="3"/>
      <line num="28" type="method" name="identifier" visibility="public" complexity="1" crap="1" count="2"/>
      <line num="30" type="stmt" count="2"/>
      <line num="33" type="method" name="name" visibility="public" complexity="1" crap="1" count="2"/>
      <line num="35" type="stmt" count="2"/>
      <line num="38" type="method" name="type" visibility="public" complexity="1" crap="1" count="2"/>
      <line num="40" type="stmt" count="2"/>
      <line num="43" type="method" name="madeBy" visibility="public" complexity="1" crap="1" count="2"/>
      <line num="45" type="stmt" count="2"/>
      <metrics loc="48" ncloc="45" classes="1" methods="5" coveredmethods="5" conditionals="0" coveredconditionals="0" statements="8" coveredstatements="8" elements="13" coveredelements="13"/>
    </file>
    <file name="/var/www/src/LotrContext/Application/Command/Equipment/CreateEquipment/CreateEquipmentCommandHandler.php">
      <class name="App\LotrContext\Application\Command\Equipment\CreateEquipment\CreateEquipmentCommandHandler" namespace="global">
        <metrics complexity="2" methods="2" coveredmethods="2" conditionals="0" coveredconditionals="0" statements="12" coveredstatements="12" elements="14" coveredelements="14"/>
      </class>
      <line num="17" type="method" name="__construct" visibility="public" complexity="1" crap="1" count="2"/>
      <line num="21" type="stmt" count="2"/>
      <line num="26" type="method" name="__invoke" visibility="public" complexity="1" crap="1" count="2"/>
      <line num="28" type="stmt" count="2"/>
      <line num="29" type="stmt" count="2"/>
      <line num="30" type="stmt" count="2"/>
      <line num="31" type="stmt" count="2"/>
      <line num="32" type="stmt" count="2"/>
      <line num="33" type="stmt" count="2"/>
      <line num="34" type="stmt" count="2"/>
      <line num="35" type="stmt" count="2"/>
      <line num="36" type="stmt" count="2"/>
      <line num="37" type="stmt" count="2"/>
      <line num="39" type="stmt" count="1"/>
      <metrics loc="42" ncloc="39" classes="1" methods="2" coveredmethods="2" conditionals="0" coveredconditionals="0" statements="12" coveredstatements="12" elements="14" coveredelements="14"/>
    </file>
    <file name="/var/www/src/LotrContext/Application/Command/Equipment/DeleteEquipment/DeleteEquipmentCommand.php">
      <class name="App\LotrContext\Application\Command\Equipment\DeleteEquipment\DeleteEquipmentCommand" namespace="global">
        <metrics complexity="2" methods="2" coveredmethods="2" conditionals="0" coveredconditionals="0" statements="2" coveredstatements="2" elements="4" coveredelements="4"/>
      </class>
      <line num="12" type="method" name="__construct" visibility="public" complexity="1" crap="1" count="3"/>
      <line num="14" type="stmt" count="3"/>
      <line num="17" type="method" name="id" visibility="public" complexity="1" crap="1" count="2"/>
      <line num="19" type="stmt" count="2"/>
      <metrics loc="22" ncloc="22" classes="1" methods="2" coveredmethods="2" conditionals="0" coveredconditionals="0" statements="2" coveredstatements="2" elements="4" coveredelements="4"/>
    </file>
    <file name="/var/www/src/LotrContext/Application/Command/Equipment/DeleteEquipment/DeleteEquipmentCommandHandler.php">
      <class name="App\LotrContext\Application\Command\Equipment\DeleteEquipment\DeleteEquipmentCommandHandler" namespace="global">
        <metrics complexity="2" methods="2" coveredmethods="2" conditionals="0" coveredconditionals="0" statements="4" coveredstatements="4" elements="6" coveredelements="6"/>
      </class>
      <line num="15" type="method" name="__construct" visibility="public" complexity="1" crap="1" count="2"/>
      <line num="19" type="stmt" count="2"/>
      <line num="24" type="method" name="__invoke" visibility="public" complexity="1" crap="1" count="2"/>
      <line num="26" type="stmt" count="2"/>
      <line num="27" type="stmt" count="2"/>
      <line num="29" type="stmt" count="1"/>
      <metrics loc="32" ncloc="29" classes="1" methods="2" coveredmethods="2" conditionals="0" coveredconditionals="0" statements="4" coveredstatements="4" elements="6" coveredelements="6"/>
    </file>
    <file name="/var/www/src/LotrContext/Application/Command/Equipment/UpdateEquipment/UpdateEquipmentCommand.php">
      <class name="App\LotrContext\Application\Command\Equipment\UpdateEquipment\UpdateEquipmentCommand" namespace="global">
        <metrics complexity="5" methods="5" coveredmethods="5" conditionals="0" coveredconditionals="0" statements="8" coveredstatements="8" elements="13" coveredelements="13"/>
      </class>
      <line num="12" type="method" name="__construct" visibility="public" complexity="1" crap="1" count="6"/>
      <line num="18" type="stmt" count="6"/>
      <line num="19" type="stmt" count="5"/>
      <line num="20" type="stmt" count="4"/>
      <line num="21" type="stmt" count="3"/>
      <line num="24" type="method" name="identifier" visibility="public" complexity="1" crap="1" count="2"/>
      <line num="26" type="stmt" count="2"/>
      <line num="29" type="method" name="name" visibility="public" complexity="1" crap="1" count="2"/>
      <line num="31" type="stmt" count="2"/>
      <line num="34" type="method" name="type" visibility="public" complexity="1" crap="1" count="2"/>
      <line num="36" type="stmt" count="2"/>
      <line num="39" type="method" name="madeBy" visibility="public" complexity="1" crap="1" count="2"/>
      <line num="41" type="stmt" count="2"/>
      <metrics loc="44" ncloc="44" classes="1" methods="5" coveredmethods="5" conditionals="0" coveredconditionals="0" statements="8" coveredstatements="8" elements="13" coveredelements="13"/>
    </file>
    <file name="/var/www/src/LotrContext/Application/Command/Equipment/UpdateEquipment/UpdateEquipmentCommandHandler.php">
      <class name="App\LotrContext\Application\Command\Equipment\UpdateEquipment\UpdateEquipmentCommandHandler" namespace="global">
        <metrics complexity="2" methods="2" coveredmethods="2" conditionals="0" coveredconditionals="0" statements="12" coveredstatements="12" elements="14" coveredelements="14"/>
      </class>
      <line num="17" type="method" name="__construct" visibility="public" complexity="1" crap="1" count="2"/>
      <line num="21" type="stmt" count="2"/>
      <line num="26" type="method" name="__invoke" visibility="public" complexity="1" crap="1" count="2"/>
      <line num="28" type="stmt" count="2"/>
      <line num="29" type="stmt" count="2"/>
      <line num="30" type="stmt" count="2"/>
      <line num="31" type="stmt" count="2"/>
      <line num="33" type="stmt" count="2"/>
      <line num="34" type="stmt" count="2"/>
      <line num="35" type="stmt" count="2"/>
      <line num="36" type="stmt" count="2"/>
      <line num="37" type="stmt" count="2"/>
      <line num="38" type="stmt" count="2"/>
      <line num="40" type="stmt" count="1"/>
      <metrics loc="43" ncloc="40" classes="1" methods="2" coveredmethods="2" conditionals="0" coveredconditionals="0" statements="12" coveredstatements="12" elements="14" coveredelements="14"/>
    </file>
    <file name="/var/www/src/LotrContext/Application/Command/Faction/CreateFaction/CreateFactionCommand.php">
      <class name="App\LotrContext\Application\Command\Faction\CreateFaction\CreateFactionCommand" namespace="global">
        <metrics complexity="4" methods="4" coveredmethods="4" conditionals="0" coveredconditionals="0" statements="6" coveredstatements="6" elements="10" coveredelements="10"/>
      </class>
      <line num="12" type="method" name="__construct" visibility="public" complexity="1" crap="1" count="4"/>
      <line num="17" type="stmt" count="4"/>
      <line num="18" type="stmt" count="3"/>
      <line num="19" type="stmt" count="2"/>
      <line num="22" type="method" name="identifier" visibility="public" complexity="1" crap="1" count="1"/>
      <line num="24" type="stmt" count="1"/>
      <line num="27" type="method" name="factionName" visibility="public" complexity="1" crap="1" count="1"/>
      <line num="29" type="stmt" count="1"/>
      <line num="32" type="method" name="description" visibility="public" complexity="1" crap="1" count="1"/>
      <line num="34" type="stmt" count="1"/>
      <metrics loc="37" ncloc="37" classes="1" methods="4" coveredmethods="4" conditionals="0" coveredconditionals="0" statements="6" coveredstatements="6" elements="10" coveredelements="10"/>
    </file>
    <file name="/var/www/src/LotrContext/Application/Command/Faction/CreateFaction/CreateFactionCommandHandler.php">
      <class name="App\LotrContext\Application\Command\Faction\CreateFaction\CreateFactionCommandHandler" namespace="global">
        <metrics complexity="2" methods="2" coveredmethods="2" conditionals="0" coveredconditionals="0" statements="10" coveredstatements="10" elements="12" coveredelements="12"/>
      </class>
      <line num="18" type="method" name="__construct" visibility="public" complexity="1" crap="1" count="1"/>
      <line num="22" type="stmt" count="1"/>
      <line num="27" type="method" name="__invoke" visibility="public" complexity="1" crap="1" count="1"/>
      <line num="29" type="stmt" count="1"/>
      <line num="30" type="stmt" count="1"/>
      <line num="31" type="stmt" count="1"/>
      <line num="32" type="stmt" count="1"/>
      <line num="33" type="stmt" count="1"/>
      <line num="34" type="stmt" count="1"/>
      <line num="35" type="stmt" count="1"/>
      <line num="36" type="stmt" count="1"/>
      <line num="38" type="stmt" count="1"/>
      <metrics loc="41" ncloc="38" classes="1" methods="2" coveredmethods="2" conditionals="0" coveredconditionals="0" statements="10" coveredstatements="10" elements="12" coveredelements="12"/>
    </file>
    <file name="/var/www/src/LotrContext/Application/Command/Faction/DeleteFaction/DeleteFactionCommand.php">
      <class name="App\LotrContext\Application\Command\Faction\DeleteFaction\DeleteFactionCommand" namespace="global">
        <metrics complexity="2" methods="2" coveredmethods="0" conditionals="0" coveredconditionals="0" statements="2" coveredstatements="0" elements="4" coveredelements="0"/>
      </class>
      <line num="11" type="method" name="__construct" visibility="public" complexity="1" crap="2" count="0"/>
      <line num="13" type="stmt" count="0"/>
      <line num="15" type="method" name="id" visibility="public" complexity="1" crap="2" count="0"/>
      <line num="17" type="stmt" count="0"/>
      <metrics loc="20" ncloc="20" classes="1" methods="2" coveredmethods="0" conditionals="0" coveredconditionals="0" statements="2" coveredstatements="0" elements="4" coveredelements="0"/>
    </file>
    <file name="/var/www/src/LotrContext/Application/Command/Faction/DeleteFaction/DeleteFactionCommandHandler.php">
      <class name="App\LotrContext\Application\Command\Faction\DeleteFaction\DeleteFactionCommandHandler" namespace="global">
        <metrics complexity="2" methods="2" coveredmethods="0" conditionals="0" coveredconditionals="0" statements="4" coveredstatements="0" elements="6" coveredelements="0"/>
      </class>
      <line num="15" type="method" name="__construct" visibility="public" complexity="1" crap="2" count="0"/>
      <line num="19" type="stmt" count="0"/>
      <line num="24" type="method" name="__invoke" visibility="public" complexity="1" crap="2" count="0"/>
      <line num="26" type="stmt" count="0"/>
      <line num="27" type="stmt" count="0"/>
      <line num="29" type="stmt" count="0"/>
      <metrics loc="32" ncloc="29" classes="1" methods="2" coveredmethods="0" conditionals="0" coveredconditionals="0" statements="4" coveredstatements="0" elements="6" coveredelements="0"/>
    </file>
    <file name="/var/www/src/LotrContext/Application/Command/Faction/UpdateFaction/UpdateFactionCommand.php">
      <class name="App\LotrContext\Application\Command\Faction\UpdateFaction\UpdateFactionCommand" namespace="global">
        <metrics complexity="4" methods="4" coveredmethods="0" conditionals="0" coveredconditionals="0" statements="6" coveredstatements="0" elements="10" coveredelements="0"/>
      </class>
      <line num="12" type="method" name="__construct" visibility="public" complexity="1" crap="2" count="0"/>
      <line num="17" type="stmt" count="0"/>
      <line num="18" type="stmt" count="0"/>
      <line num="19" type="stmt" count="0"/>
      <line num="22" type="method" name="identifier" visibility="public" complexity="1" crap="2" count="0"/>
      <line num="24" type="stmt" count="0"/>
      <line num="27" type="method" name="factionName" visibility="public" complexity="1" crap="2" count="0"/>
      <line num="29" type="stmt" count="0"/>
      <line num="32" type="method" name="description" visibility="public" complexity="1" crap="2" count="0"/>
      <line num="34" type="stmt" count="0"/>
      <metrics loc="37" ncloc="37" classes="1" methods="4" coveredmethods="0" conditionals="0" coveredconditionals="0" statements="6" coveredstatements="0" elements="10" coveredelements="0"/>
    </file>
    <file name="/var/www/src/LotrContext/Application/Command/Faction/UpdateFaction/UpdateFactionCommandHandler.php">
      <class name="App\LotrContext\Application\Command\Faction\UpdateFaction\UpdateFactionCommandHandler" namespace="global">
        <metrics complexity="2" methods="2" coveredmethods="0" conditionals="0" coveredconditionals="0" statements="10" coveredstatements="0" elements="12" coveredelements="0"/>
      </class>
      <line num="18" type="method" name="__construct" visibility="public" complexity="1" crap="2" count="0"/>
      <line num="22" type="stmt" count="0"/>
      <line num="27" type="method" name="__invoke" visibility="public" complexity="1" crap="2" count="0"/>
      <line num="29" type="stmt" count="0"/>
      <line num="30" type="stmt" count="0"/>
      <line num="31" type="stmt" count="0"/>
      <line num="33" type="stmt" count="0"/>
      <line num="34" type="stmt" count="0"/>
      <line num="35" type="stmt" count="0"/>
      <line num="36" type="stmt" count="0"/>
      <line num="37" type="stmt" count="0"/>
      <line num="39" type="stmt" count="0"/>
      <metrics loc="42" ncloc="39" classes="1" methods="2" coveredmethods="0" conditionals="0" coveredconditionals="0" statements="10" coveredstatements="0" elements="12" coveredelements="0"/>
    </file>
    <file name="/var/www/src/LotrContext/Application/Event/Character/CharacterCreatedHandler.php">
      <class name="App\LotrContext\Application\Event\Character\CharacterCreatedHandler" namespace="global">
        <metrics complexity="2" methods="2" coveredmethods="0" conditionals="0" coveredconditionals="0" statements="10" coveredstatements="0" elements="12" coveredelements="0"/>
      </class>
      <line num="14" type="stmt" count="0"/>
      <line num="17" type="method" name="__construct" visibility="public" complexity="1" crap="2" count="0"/>
      <line num="19" type="stmt" count="0"/>
      <line num="24" type="method" name="__invoke" visibility="public" complexity="1" crap="2" count="0"/>
      <line num="26" type="stmt" count="0"/>
      <line num="28" type="stmt" count="0"/>
      <line num="29" type="stmt" count="0"/>
      <line num="30" type="stmt" count="0"/>
      <line num="31" type="stmt" count="0"/>
      <line num="32" type="stmt" count="0"/>
      <line num="33" type="stmt" count="0"/>
      <line num="34" type="stmt" count="0"/>
      <line num="35" type="stmt" count="0"/>
      <metrics loc="38" ncloc="35" classes="1" methods="2" coveredmethods="0" conditionals="0" coveredconditionals="0" statements="11" coveredstatements="0" elements="13" coveredelements="0"/>
    </file>
    <file name="/var/www/src/LotrContext/Application/Event/Equipment/EquipmentCreatedHandler.php">
      <class name="App\LotrContext\Application\Event\Equipment\EquipmentCreatedHandler" namespace="global">
        <metrics complexity="2" methods="2" coveredmethods="0" conditionals="0" coveredconditionals="0" statements="8" coveredstatements="0" elements="10" coveredelements="0"/>
      </class>
      <line num="13" type="stmt" count="0"/>
      <line num="16" type="method" name="__construct" visibility="public" complexity="1" crap="2" count="0"/>
      <line num="18" type="stmt" count="0"/>
      <line num="23" type="method" name="__invoke" visibility="public" complexity="1" crap="2" count="0"/>
      <line num="25" type="stmt" count="0"/>
      <line num="26" type="stmt" count="0"/>
      <line num="27" type="stmt" count="0"/>
      <line num="28" type="stmt" count="0"/>
      <line num="29" type="stmt" count="0"/>
      <line num="30" type="stmt" count="0"/>
      <line num="31" type="stmt" count="0"/>
      <metrics loc="34" ncloc="31" classes="1" methods="2" coveredmethods="0" conditionals="0" coveredconditionals="0" statements="9" coveredstatements="0" elements="11" coveredelements="0"/>
    </file>
    <file name="/var/www/src/LotrContext/Application/Event/Faction/FactionCreatedHandler.php">
      <class name="App\LotrContext\Application\Event\Faction\FactionCreatedHandler" namespace="global">
        <metrics complexity="2" methods="2" coveredmethods="0" conditionals="0" coveredconditionals="0" statements="7" coveredstatements="0" elements="9" coveredelements="0"/>
      </class>
      <line num="14" type="stmt" count="0"/>
      <line num="17" type="method" name="__construct" visibility="public" complexity="1" crap="2" count="0"/>
      <line num="19" type="stmt" count="0"/>
      <line num="24" type="method" name="__invoke" visibility="public" complexity="1" crap="2" count="0"/>
      <line num="26" type="stmt" count="0"/>
      <line num="28" type="stmt" count="0"/>
      <line num="29" type="stmt" count="0"/>
      <line num="30" type="stmt" count="0"/>
      <line num="31" type="stmt" count="0"/>
      <line num="32" type="stmt" count="0"/>
      <metrics loc="35" ncloc="32" classes="1" methods="2" coveredmethods="0" conditionals="0" coveredconditionals="0" statements="8" coveredstatements="0" elements="10" coveredelements="0"/>
    </file>
    <file name="/var/www/src/LotrContext/Application/Query/Character/FetchCharacter/FetchCharacterQuery.php">
      <class name="App\LotrContext\Application\Query\Character\FetchCharacter\FetchCharacterQuery" namespace="global">
        <metrics complexity="2" methods="2" coveredmethods="0" conditionals="0" coveredconditionals="0" statements="2" coveredstatements="0" elements="4" coveredelements="0"/>
      </class>
      <line num="12" type="method" name="__construct" visibility="public" complexity="1" crap="2" count="0"/>
      <line num="14" type="stmt" count="0"/>
      <line num="17" type="method" name="identifier" visibility="public" complexity="1" crap="2" count="0"/>
      <line num="19" type="stmt" count="0"/>
      <metrics loc="22" ncloc="22" classes="1" methods="2" coveredmethods="0" conditionals="0" coveredconditionals="0" statements="2" coveredstatements="0" elements="4" coveredelements="0"/>
    </file>
    <file name="/var/www/src/LotrContext/Application/Query/Character/FetchCharacter/FetchCharacterQueryHandler.php">
      <class name="App\LotrContext\Application\Query\Character\FetchCharacter\FetchCharacterQueryHandler" namespace="global">
        <metrics complexity="2" methods="2" coveredmethods="0" conditionals="0" coveredconditionals="0" statements="4" coveredstatements="0" elements="6" coveredelements="0"/>
      </class>
      <line num="14" type="method" name="__construct" visibility="public" complexity="1" crap="2" count="0"/>
      <line num="17" type="stmt" count="0"/>
      <line num="22" type="method" name="__invoke" visibility="public" complexity="1" crap="2" count="0"/>
      <line num="24" type="stmt" count="0"/>
      <line num="25" type="stmt" count="0"/>
      <line num="27" type="stmt" count="0"/>
      <metrics loc="30" ncloc="27" classes="1" methods="2" coveredmethods="0" conditionals="0" coveredconditionals="0" statements="4" coveredstatements="0" elements="6" coveredelements="0"/>
    </file>
    <file name="/var/www/src/LotrContext/Application/Query/Character/FetchCharacter/FetchCharacterQueryResponse.php">
      <class name="App\LotrContext\Application\Query\Character\FetchCharacter\FetchCharacterQueryResponse" namespace="global">
        <metrics complexity="3" methods="3" coveredmethods="0" conditionals="0" coveredconditionals="0" statements="3" coveredstatements="0" elements="6" coveredelements="0"/>
      </class>
      <line num="12" type="method" name="__construct" visibility="private" complexity="1" crap="2" count="0"/>
      <line num="14" type="stmt" count="0"/>
      <line num="16" type="method" name="write" visibility="public" complexity="1" crap="2" count="0"/>
      <line num="18" type="stmt" count="0"/>
      <line num="30" type="method" name="jsonSerialize" visibility="public" complexity="1" crap="2" count="0"/>
      <line num="32" type="stmt" count="0"/>
      <metrics loc="35" ncloc="26" classes="1" methods="3" coveredmethods="0" conditionals="0" coveredconditionals="0" statements="3" coveredstatements="0" elements="6" coveredelements="0"/>
    </file>
    <file name="/var/www/src/LotrContext/Application/Query/Character/ListCharacter/ListCharactersQuery.php">
      <class name="App\LotrContext\Application\Query\Character\ListCharacter\ListCharactersQuery" namespace="global">
        <metrics complexity="3" methods="3" coveredmethods="0" conditionals="0" coveredconditionals="0" statements="3" coveredstatements="0" elements="6" coveredelements="0"/>
      </class>
      <line num="11" type="method" name="__construct" visibility="public" complexity="1" crap="2" count="0"/>
      <line num="15" type="stmt" count="0"/>
      <line num="17" type="method" name="page" visibility="public" complexity="1" crap="2" count="0"/>
      <line num="19" type="stmt" count="0"/>
      <line num="22" type="method" name="limit" visibility="public" complexity="1" crap="2" count="0"/>
      <line num="24" type="stmt" count="0"/>
      <metrics loc="27" ncloc="27" classes="1" methods="3" coveredmethods="0" conditionals="0" coveredconditionals="0" statements="3" coveredstatements="0" elements="6" coveredelements="0"/>
    </file>
    <file name="/var/www/src/LotrContext/Application/Query/Character/ListCharacter/ListCharactersQueryHandler.php">
      <class name="App\LotrContext\Application\Query\Character\ListCharacter\ListCharactersQueryHandler" namespace="global">
        <metrics complexity="2" methods="2" coveredmethods="0" conditionals="0" coveredconditionals="0" statements="13" coveredstatements="0" elements="15" coveredelements="0"/>
      </class>
      <line num="22" type="method" name="__construct" visibility="public" complexity="1" crap="2" count="0"/>
      <line num="25" type="stmt" count="0"/>
      <line num="31" type="method" name="__invoke" visibility="public" complexity="1" crap="2" count="0"/>
      <line num="33" type="stmt" count="0"/>
      <line num="34" type="stmt" count="0"/>
      <line num="36" type="stmt" count="0"/>
      <line num="37" type="stmt" count="0"/>
      <line num="38" type="stmt" count="0"/>
      <line num="39" type="stmt" count="0"/>
      <line num="41" type="stmt" count="0"/>
      <line num="42" type="stmt" count="0"/>
      <line num="43" type="stmt" count="0"/>
      <line num="44" type="stmt" count="0"/>
      <line num="45" type="stmt" count="0"/>
      <line num="46" type="stmt" count="0"/>
      <metrics loc="49" ncloc="39" classes="1" methods="2" coveredmethods="0" conditionals="0" coveredconditionals="0" statements="13" coveredstatements="0" elements="15" coveredelements="0"/>
    </file>
    <file name="/var/www/src/LotrContext/Application/Query/Character/ListCharacter/ListCharactersResponse.php">
      <class name="App\LotrContext\Application\Query\Character\ListCharacter\ListCharactersResponse" namespace="global">
        <metrics complexity="0" methods="0" coveredmethods="0" conditionals="0" coveredconditionals="0" statements="0" coveredstatements="0" elements="0" coveredelements="0"/>
      </class>
      <metrics loc="12" ncloc="12" classes="0" methods="0" coveredmethods="0" conditionals="0" coveredconditionals="0" statements="0" coveredstatements="0" elements="0" coveredelements="0"/>
    </file>
    <file name="/var/www/src/LotrContext/Application/Query/Equipment/FetchEquipment/FetchEquipmentQuery.php">
      <class name="App\LotrContext\Application\Query\Equipment\FetchEquipment\FetchEquipmentQuery" namespace="global">
        <metrics complexity="2" methods="2" coveredmethods="2" conditionals="0" coveredconditionals="0" statements="2" coveredstatements="2" elements="4" coveredelements="4"/>
      </class>
      <line num="12" type="method" name="__construct" visibility="public" complexity="1" crap="1" count="3"/>
      <line num="14" type="stmt" count="3"/>
      <line num="17" type="method" name="identifier" visibility="public" complexity="1" crap="1" count="2"/>
      <line num="19" type="stmt" count="2"/>
      <metrics loc="22" ncloc="22" classes="1" methods="2" coveredmethods="2" conditionals="0" coveredconditionals="0" statements="2" coveredstatements="2" elements="4" coveredelements="4"/>
    </file>
    <file name="/var/www/src/LotrContext/Application/Query/Equipment/FetchEquipment/FetchEquipmentQueryHandler.php">
      <class name="App\LotrContext\Application\Query\Equipment\FetchEquipment\FetchEquipmentQueryHandler" namespace="global">
        <metrics complexity="2" methods="2" coveredmethods="2" conditionals="0" coveredconditionals="0" statements="4" coveredstatements="4" elements="6" coveredelements="6"/>
      </class>
      <line num="15" type="method" name="__construct" visibility="public" complexity="1" crap="1" count="2"/>
      <line num="18" type="stmt" count="2"/>
      <line num="23" type="method" name="__invoke" visibility="public" complexity="1" crap="1" count="2"/>
      <line num="25" type="stmt" count="2"/>
      <line num="27" type="stmt" count="2"/>
      <line num="29" type="stmt" count="2"/>
      <metrics loc="32" ncloc="29" classes="1" methods="2" coveredmethods="2" conditionals="0" coveredconditionals="0" statements="4" coveredstatements="4" elements="6" coveredelements="6"/>
    </file>
    <file name="/var/www/src/LotrContext/Application/Query/Equipment/FetchEquipment/FetchEquipmentQueryResponse.php">
      <class name="App\LotrContext\Application\Query\Equipment\FetchEquipment\FetchEquipmentQueryResponse" namespace="global">
        <metrics complexity="3" methods="3" coveredmethods="2" conditionals="0" coveredconditionals="0" statements="3" coveredstatements="2" elements="6" coveredelements="4"/>
      </class>
      <line num="12" type="method" name="__construct" visibility="private" complexity="1" crap="1" count="2"/>
      <line num="14" type="stmt" count="2"/>
      <line num="16" type="method" name="write" visibility="public" complexity="1" crap="1" count="2"/>
      <line num="18" type="stmt" count="2"/>
      <line num="28" type="method" name="jsonSerialize" visibility="public" complexity="1" crap="2" count="0"/>
      <line num="30" type="stmt" count="0"/>
      <metrics loc="33" ncloc="26" classes="1" methods="3" coveredmethods="2" conditionals="0" coveredconditionals="0" statements="3" coveredstatements="2" elements="6" coveredelements="4"/>
    </file>
    <file name="/var/www/src/LotrContext/Application/Query/Equipment/ListEquipment/ListEquipmentsQuery.php">
      <class name="App\LotrContext\Application\Query\Equipment\ListEquipment\ListEquipmentsQuery" namespace="global">
        <metrics complexity="3" methods="3" coveredmethods="3" conditionals="0" coveredconditionals="0" statements="12" coveredstatements="12" elements="15" coveredelements="15"/>
      </class>
      <line num="19" type="method" name="__construct" visibility="public" complexity="1" crap="1" count="3"/>
      <line num="23" type="stmt" count="3"/>
      <line num="24" type="stmt" count="3"/>
      <line num="25" type="stmt" count="3"/>
      <line num="26" type="stmt" count="3"/>
      <line num="27" type="stmt" count="3"/>
      <line num="28" type="stmt" count="2"/>
      <line num="29" type="stmt" count="2"/>
      <line num="30" type="stmt" count="2"/>
      <line num="31" type="stmt" count="2"/>
      <line num="32" type="stmt" count="2"/>
      <line num="35" type="method" name="page" visibility="public" complexity="1" crap="1" count="1"/>
      <line num="37" type="stmt" count="1"/>
      <line num="40" type="method" name="limit" visibility="public" complexity="1" crap="1" count="1"/>
      <line num="42" type="stmt" count="1"/>
      <metrics loc="45" ncloc="42" classes="1" methods="3" coveredmethods="3" conditionals="0" coveredconditionals="0" statements="12" coveredstatements="12" elements="15" coveredelements="15"/>
    </file>
    <file name="/var/www/src/LotrContext/Application/Query/Equipment/ListEquipment/ListEquipmentsQueryHandler.php">
      <class name="App\LotrContext\Application\Query\Equipment\ListEquipment\ListEquipmentsQueryHandler" namespace="global">
        <metrics complexity="2" methods="2" coveredmethods="2" conditionals="0" coveredconditionals="0" statements="13" coveredstatements="13" elements="15" coveredelements="15"/>
      </class>
      <line num="22" type="method" name="__construct" visibility="public" complexity="1" crap="1" count="1"/>
      <line num="25" type="stmt" count="1"/>
      <line num="31" type="method" name="__invoke" visibility="public" complexity="1" crap="1" count="1"/>
      <line num="33" type="stmt" count="1"/>
      <line num="34" type="stmt" count="1"/>
      <line num="36" type="stmt" count="1"/>
      <line num="37" type="stmt" count="1"/>
      <line num="38" type="stmt" count="1"/>
      <line num="39" type="stmt" count="1"/>
      <line num="41" type="stmt" count="1"/>
      <line num="42" type="stmt" count="1"/>
      <line num="43" type="stmt" count="1"/>
      <line num="44" type="stmt" count="1"/>
      <line num="45" type="stmt" count="1"/>
      <line num="46" type="stmt" count="1"/>
      <metrics loc="49" ncloc="39" classes="1" methods="2" coveredmethods="2" conditionals="0" coveredconditionals="0" statements="13" coveredstatements="13" elements="15" coveredelements="15"/>
    </file>
    <file name="/var/www/src/LotrContext/Application/Query/Equipment/ListEquipment/ListEquipmentsResponse.php">
      <class name="App\LotrContext\Application\Query\Equipment\ListEquipment\ListEquipmentsResponse" namespace="global">
        <metrics complexity="0" methods="0" coveredmethods="0" conditionals="0" coveredconditionals="0" statements="0" coveredstatements="0" elements="0" coveredelements="0"/>
      </class>
      <metrics loc="12" ncloc="12" classes="0" methods="0" coveredmethods="0" conditionals="0" coveredconditionals="0" statements="0" coveredstatements="0" elements="0" coveredelements="0"/>
    </file>
    <file name="/var/www/src/LotrContext/Application/Query/Faction/FetchFaction/FetchFactionQuery.php">
      <class name="App\LotrContext\Application\Query\Faction\FetchFaction\FetchFactionQuery" namespace="global">
        <metrics complexity="2" methods="2" coveredmethods="0" conditionals="0" coveredconditionals="0" statements="2" coveredstatements="0" elements="4" coveredelements="0"/>
      </class>
      <line num="11" type="method" name="__construct" visibility="public" complexity="1" crap="2" count="0"/>
      <line num="13" type="stmt" count="0"/>
      <line num="15" type="method" name="identifier" visibility="public" complexity="1" crap="2" count="0"/>
      <line num="17" type="stmt" count="0"/>
      <metrics loc="20" ncloc="20" classes="1" methods="2" coveredmethods="0" conditionals="0" coveredconditionals="0" statements="2" coveredstatements="0" elements="4" coveredelements="0"/>
    </file>
    <file name="/var/www/src/LotrContext/Application/Query/Faction/FetchFaction/FetchFactionQueryHandler.php">
      <class name="App\LotrContext\Application\Query\Faction\FetchFaction\FetchFactionQueryHandler" namespace="global">
        <metrics complexity="2" methods="2" coveredmethods="0" conditionals="0" coveredconditionals="0" statements="4" coveredstatements="0" elements="6" coveredelements="0"/>
      </class>
      <line num="14" type="method" name="__construct" visibility="public" complexity="1" crap="2" count="0"/>
      <line num="17" type="stmt" count="0"/>
      <line num="22" type="method" name="__invoke" visibility="public" complexity="1" crap="2" count="0"/>
      <line num="24" type="stmt" count="0"/>
      <line num="26" type="stmt" count="0"/>
      <line num="28" type="stmt" count="0"/>
      <metrics loc="31" ncloc="28" classes="1" methods="2" coveredmethods="0" conditionals="0" coveredconditionals="0" statements="4" coveredstatements="0" elements="6" coveredelements="0"/>
    </file>
    <file name="/var/www/src/LotrContext/Application/Query/Faction/FetchFaction/FetchFactionQueryResponse.php">
      <class name="App\LotrContext\Application\Query\Faction\FetchFaction\FetchFactionQueryResponse" namespace="global">
        <metrics complexity="3" methods="3" coveredmethods="0" conditionals="0" coveredconditionals="0" statements="3" coveredstatements="0" elements="6" coveredelements="0"/>
      </class>
      <line num="12" type="method" name="__construct" visibility="private" complexity="1" crap="2" count="0"/>
      <line num="14" type="stmt" count="0"/>
      <line num="16" type="method" name="write" visibility="public" complexity="1" crap="2" count="0"/>
      <line num="18" type="stmt" count="0"/>
      <line num="27" type="method" name="jsonSerialize" visibility="public" complexity="1" crap="2" count="0"/>
      <line num="29" type="stmt" count="0"/>
      <metrics loc="32" ncloc="26" classes="1" methods="3" coveredmethods="0" conditionals="0" coveredconditionals="0" statements="3" coveredstatements="0" elements="6" coveredelements="0"/>
    </file>
    <file name="/var/www/src/LotrContext/Application/Query/Faction/ListFaction/ListFactionsQuery.php">
      <class name="App\LotrContext\Application\Query\Faction\ListFaction\ListFactionsQuery" namespace="global">
        <metrics complexity="3" methods="3" coveredmethods="0" conditionals="0" coveredconditionals="0" statements="3" coveredstatements="0" elements="6" coveredelements="0"/>
      </class>
      <line num="11" type="method" name="__construct" visibility="public" complexity="1" crap="2" count="0"/>
      <line num="15" type="stmt" count="0"/>
      <line num="17" type="method" name="page" visibility="public" complexity="1" crap="2" count="0"/>
      <line num="19" type="stmt" count="0"/>
      <line num="22" type="method" name="limit" visibility="public" complexity="1" crap="2" count="0"/>
      <line num="24" type="stmt" count="0"/>
      <metrics loc="27" ncloc="27" classes="1" methods="3" coveredmethods="0" conditionals="0" coveredconditionals="0" statements="3" coveredstatements="0" elements="6" coveredelements="0"/>
    </file>
    <file name="/var/www/src/LotrContext/Application/Query/Faction/ListFaction/ListFactionsQueryHandler.php">
      <class name="App\LotrContext\Application\Query\Faction\ListFaction\ListFactionsQueryHandler" namespace="global">
        <metrics complexity="2" methods="2" coveredmethods="0" conditionals="0" coveredconditionals="0" statements="13" coveredstatements="0" elements="15" coveredelements="0"/>
      </class>
      <line num="22" type="method" name="__construct" visibility="public" complexity="1" crap="2" count="0"/>
      <line num="25" type="stmt" count="0"/>
      <line num="31" type="method" name="__invoke" visibility="public" complexity="1" crap="2" count="0"/>
      <line num="33" type="stmt" count="0"/>
      <line num="34" type="stmt" count="0"/>
      <line num="36" type="stmt" count="0"/>
      <line num="37" type="stmt" count="0"/>
      <line num="38" type="stmt" count="0"/>
      <line num="39" type="stmt" count="0"/>
      <line num="41" type="stmt" count="0"/>
      <line num="42" type="stmt" count="0"/>
      <line num="43" type="stmt" count="0"/>
      <line num="44" type="stmt" count="0"/>
      <line num="45" type="stmt" count="0"/>
      <line num="46" type="stmt" count="0"/>
      <metrics loc="49" ncloc="39" classes="1" methods="2" coveredmethods="0" conditionals="0" coveredconditionals="0" statements="13" coveredstatements="0" elements="15" coveredelements="0"/>
    </file>
    <file name="/var/www/src/LotrContext/Application/Query/Faction/ListFaction/ListFactionsResponse.php">
      <class name="App\LotrContext\Application\Query\Faction\ListFaction\ListFactionsResponse" namespace="global">
        <metrics complexity="0" methods="0" coveredmethods="0" conditionals="0" coveredconditionals="0" statements="0" coveredstatements="0" elements="0" coveredelements="0"/>
      </class>
      <metrics loc="12" ncloc="12" classes="0" methods="0" coveredmethods="0" conditionals="0" coveredconditionals="0" statements="0" coveredstatements="0" elements="0" coveredelements="0"/>
    </file>
    <file name="/var/www/src/LotrContext/Domain/Aggregate/Character.php">
      <class name="App\LotrContext\Domain\Aggregate\Character" namespace="global">
        <metrics complexity="12" methods="12" coveredmethods="0" conditionals="0" coveredconditionals="0" statements="31" coveredstatements="0" elements="43" coveredelements="0"/>
      </class>
      <line num="21" type="method" name="__construct" visibility="private" complexity="1" crap="2" count="0"/>
      <line num="29" type="stmt" count="0"/>
      <line num="32" type="method" name="from" visibility="public" complexity="1" crap="2" count="0"/>
      <line num="40" type="stmt" count="0"/>
      <line num="41" type="stmt" count="0"/>
      <line num="42" type="stmt" count="0"/>
      <line num="43" type="stmt" count="0"/>
      <line num="44" type="stmt" count="0"/>
      <line num="45" type="stmt" count="0"/>
      <line num="46" type="stmt" count="0"/>
      <line num="47" type="stmt" count="0"/>
      <line num="50" type="method" name="id" visibility="public" complexity="1" crap="2" count="0"/>
      <line num="52" type="stmt" count="0"/>
      <line num="55" type="method" name="name" visibility="public" complexity="1" crap="2" count="0"/>
      <line num="57" type="stmt" count="0"/>
      <line num="60" type="method" name="birthDate" visibility="public" complexity="1" crap="2" count="0"/>
      <line num="62" type="stmt" count="0"/>
      <line num="65" type="method" name="kingdom" visibility="public" complexity="1" crap="2" count="0"/>
      <line num="67" type="stmt" count="0"/>
      <line num="70" type="method" name="equipmentId" visibility="public" complexity="1" crap="2" count="0"/>
      <line num="72" type="stmt" count="0"/>
      <line num="75" type="method" name="factionId" visibility="public" complexity="1" crap="2" count="0"/>
      <line num="77" type="stmt" count="0"/>
      <line num="80" type="method" name="__toString" visibility="public" complexity="1" crap="2" count="0"/>
      <line num="82" type="stmt" count="0"/>
      <line num="94" type="method" name="jsonSerialize" visibility="public" complexity="1" crap="2" count="0"/>
      <line num="96" type="stmt" count="0"/>
      <line num="97" type="stmt" count="0"/>
      <line num="98" type="stmt" count="0"/>
      <line num="99" type="stmt" count="0"/>
      <line num="100" type="stmt" count="0"/>
      <line num="101" type="stmt" count="0"/>
      <line num="102" type="stmt" count="0"/>
      <line num="103" type="stmt" count="0"/>
      <line num="109" type="method" name="delete" visibility="public" complexity="1" crap="2" count="0"/>
      <line num="111" type="stmt" count="0"/>
      <line num="114" type="method" name="update" visibility="public" complexity="1" crap="2" count="0"/>
      <line num="121" type="stmt" count="0"/>
      <line num="122" type="stmt" count="0"/>
      <line num="123" type="stmt" count="0"/>
      <line num="124" type="stmt" count="0"/>
      <line num="125" type="stmt" count="0"/>
      <line num="127" type="stmt" count="0"/>
      <metrics loc="130" ncloc="115" classes="1" methods="12" coveredmethods="0" conditionals="0" coveredconditionals="0" statements="31" coveredstatements="0" elements="43" coveredelements="0"/>
    </file>
    <file name="/var/www/src/LotrContext/Domain/Aggregate/Equipment.php">
      <class name="App\LotrContext\Domain\Aggregate\Equipment" namespace="global">
        <metrics complexity="10" methods="10" coveredmethods="9" conditionals="0" coveredconditionals="0" statements="23" coveredstatements="22" elements="33" coveredelements="31"/>
      </class>
      <line num="20" type="method" name="__construct" visibility="private" complexity="1" crap="1" count="8"/>
      <line num="26" type="stmt" count="8"/>
      <line num="29" type="method" name="from" visibility="public" complexity="1" crap="1" count="8"/>
      <line num="35" type="stmt" count="8"/>
      <line num="36" type="stmt" count="8"/>
      <line num="37" type="stmt" count="8"/>
      <line num="38" type="stmt" count="8"/>
      <line num="39" type="stmt" count="8"/>
      <line num="40" type="stmt" count="8"/>
      <line num="43" type="method" name="id" visibility="public" complexity="1" crap="1" count="8"/>
      <line num="45" type="stmt" count="8"/>
      <line num="48" type="method" name="name" visibility="public" complexity="1" crap="1" count="8"/>
      <line num="50" type="stmt" count="8"/>
      <line num="53" type="method" name="type" visibility="public" complexity="1" crap="1" count="8"/>
      <line num="55" type="stmt" count="8"/>
      <line num="58" type="method" name="madeBy" visibility="public" complexity="1" crap="1" count="8"/>
      <line num="60" type="stmt" count="8"/>
      <line num="63" type="method" name="__toString" visibility="public" complexity="1" crap="2" count="0"/>
      <line num="65" type="stmt" count="0"/>
      <line num="75" type="method" name="jsonSerialize" visibility="public" complexity="1" crap="1" count="2"/>
      <line num="77" type="stmt" count="2"/>
      <line num="78" type="stmt" count="2"/>
      <line num="79" type="stmt" count="2"/>
      <line num="80" type="stmt" count="2"/>
      <line num="81" type="stmt" count="2"/>
      <line num="82" type="stmt" count="2"/>
      <line num="88" type="method" name="delete" visibility="public" complexity="1" crap="1" count="1"/>
      <line num="90" type="stmt" count="1"/>
      <line num="93" type="method" name="update" visibility="public" complexity="1" crap="1" count="1"/>
      <line num="95" type="stmt" count="1"/>
      <line num="96" type="stmt" count="1"/>
      <line num="97" type="stmt" count="1"/>
      <line num="98" type="stmt" count="1"/>
      <metrics loc="101" ncloc="88" classes="1" methods="10" coveredmethods="9" conditionals="0" coveredconditionals="0" statements="23" coveredstatements="22" elements="33" coveredelements="31"/>
    </file>
    <file name="/var/www/src/LotrContext/Domain/Aggregate/Faction.php">
      <class name="App\LotrContext\Domain\Aggregate\Faction" namespace="global">
        <metrics complexity="9" methods="9" coveredmethods="7" conditionals="0" coveredconditionals="0" statements="19" coveredstatements="15" elements="28" coveredelements="22"/>
      </class>
      <line num="21" type="method" name="__construct" visibility="private" complexity="1" crap="1" count="1"/>
      <line num="26" type="stmt" count="1"/>
      <line num="29" type="method" name="from" visibility="public" complexity="1" crap="1" count="1"/>
      <line num="34" type="stmt" count="1"/>
      <line num="35" type="stmt" count="1"/>
      <line num="36" type="stmt" count="1"/>
      <line num="37" type="stmt" count="1"/>
      <line num="38" type="stmt" count="1"/>
      <line num="41" type="method" name="id" visibility="public" complexity="1" crap="1" count="1"/>
      <line num="43" type="stmt" count="1"/>
      <line num="46" type="method" name="factionName" visibility="public" complexity="1" crap="1" count="1"/>
      <line num="48" type="stmt" count="1"/>
      <line num="51" type="method" name="description" visibility="public" complexity="1" crap="1" count="1"/>
      <line num="53" type="stmt" count="1"/>
      <line num="56" type="method" name="__toString" visibility="public" complexity="1" crap="2" count="0"/>
      <line num="58" type="stmt" count="0"/>
      <line num="67" type="method" name="jsonSerialize" visibility="public" complexity="1" crap="1" count="1"/>
      <line num="69" type="stmt" count="1"/>
      <line num="70" type="stmt" count="1"/>
      <line num="71" type="stmt" count="1"/>
      <line num="72" type="stmt" count="1"/>
      <line num="73" type="stmt" count="1"/>
      <line num="79" type="method" name="delete" visibility="public" complexity="1" crap="1" count="1"/>
      <line num="81" type="stmt" count="1"/>
      <line num="84" type="method" name="update" visibility="public" complexity="1" crap="2" count="0"/>
      <line num="86" type="stmt" count="0"/>
      <line num="87" type="stmt" count="0"/>
      <line num="88" type="stmt" count="0"/>
      <metrics loc="91" ncloc="79" classes="1" methods="9" coveredmethods="7" conditionals="0" coveredconditionals="0" statements="19" coveredstatements="15" elements="28" coveredelements="22"/>
    </file>
    <file name="/var/www/src/LotrContext/Domain/Event/Character/CharacterCreated.php">
      <class name="App\LotrContext\Domain\Event\Character\CharacterCreated" namespace="global">
        <metrics complexity="12" methods="12" coveredmethods="0" conditionals="0" coveredconditionals="0" statements="38" coveredstatements="0" elements="50" coveredelements="0"/>
      </class>
      <line num="13" type="method" name="__construct" visibility="protected" complexity="1" crap="2" count="0"/>
      <line num="25" type="stmt" count="0"/>
      <line num="29" type="method" name="fromAggregate" visibility="public" complexity="1" crap="2" count="0"/>
      <line num="31" type="stmt" count="0"/>
      <line num="32" type="stmt" count="0"/>
      <line num="33" type="stmt" count="0"/>
      <line num="34" type="stmt" count="0"/>
      <line num="35" type="stmt" count="0"/>
      <line num="36" type="stmt" count="0"/>
      <line num="37" type="stmt" count="0"/>
      <line num="38" type="stmt" count="0"/>
      <line num="39" type="stmt" count="0"/>
      <line num="43" type="method" name="fromPrimitives" visibility="public" complexity="1" crap="2" count="0"/>
      <line num="51" type="stmt" count="0"/>
      <line num="52" type="stmt" count="0"/>
      <line num="53" type="stmt" count="0"/>
      <line num="54" type="stmt" count="0"/>
      <line num="55" type="stmt" count="0"/>
      <line num="56" type="stmt" count="0"/>
      <line num="57" type="stmt" count="0"/>
      <line num="58" type="stmt" count="0"/>
      <line num="59" type="stmt" count="0"/>
      <line num="60" type="stmt" count="0"/>
      <line num="61" type="stmt" count="0"/>
      <line num="62" type="stmt" count="0"/>
      <line num="65" type="method" name="entityId" visibility="public" complexity="1" crap="2" count="0"/>
      <line num="67" type="stmt" count="0"/>
      <line num="70" type="method" name="entityType" visibility="public" complexity="1" crap="2" count="0"/>
      <line num="72" type="stmt" count="0"/>
      <line num="75" type="method" name="name" visibility="public" complexity="1" crap="2" count="0"/>
      <line num="77" type="stmt" count="0"/>
      <line num="80" type="method" name="birthDate" visibility="public" complexity="1" crap="2" count="0"/>
      <line num="82" type="stmt" count="0"/>
      <line num="85" type="method" name="kingdom" visibility="public" complexity="1" crap="2" count="0"/>
      <line num="87" type="stmt" count="0"/>
      <line num="90" type="method" name="equipmentId" visibility="public" complexity="1" crap="2" count="0"/>
      <line num="92" type="stmt" count="0"/>
      <line num="95" type="method" name="factionId" visibility="public" complexity="1" crap="2" count="0"/>
      <line num="97" type="stmt" count="0"/>
      <line num="100" type="method" name="toPrimitives" visibility="public" complexity="1" crap="2" count="0"/>
      <line num="102" type="stmt" count="0"/>
      <line num="103" type="stmt" count="0"/>
      <line num="104" type="stmt" count="0"/>
      <line num="105" type="stmt" count="0"/>
      <line num="106" type="stmt" count="0"/>
      <line num="107" type="stmt" count="0"/>
      <line num="108" type="stmt" count="0"/>
      <line num="109" type="stmt" count="0"/>
      <line num="112" type="method" name="aggregateName" visibility="public" complexity="1" crap="2" count="0"/>
      <line num="114" type="stmt" count="0"/>
      <metrics loc="117" ncloc="114" classes="1" methods="12" coveredmethods="0" conditionals="0" coveredconditionals="0" statements="38" coveredstatements="0" elements="50" coveredelements="0"/>
    </file>
    <file name="/var/www/src/LotrContext/Domain/Event/Character/CharacterDeleted.php">
      <class name="App\LotrContext\Domain\Event\Character\CharacterDeleted" namespace="global">
        <metrics complexity="12" methods="12" coveredmethods="0" conditionals="0" coveredconditionals="0" statements="38" coveredstatements="0" elements="50" coveredelements="0"/>
      </class>
      <line num="13" type="method" name="__construct" visibility="protected" complexity="1" crap="2" count="0"/>
      <line num="25" type="stmt" count="0"/>
      <line num="29" type="method" name="fromAggregate" visibility="public" complexity="1" crap="2" count="0"/>
      <line num="31" type="stmt" count="0"/>
      <line num="32" type="stmt" count="0"/>
      <line num="33" type="stmt" count="0"/>
      <line num="34" type="stmt" count="0"/>
      <line num="35" type="stmt" count="0"/>
      <line num="36" type="stmt" count="0"/>
      <line num="37" type="stmt" count="0"/>
      <line num="38" type="stmt" count="0"/>
      <line num="39" type="stmt" count="0"/>
      <line num="43" type="method" name="fromPrimitives" visibility="public" complexity="1" crap="2" count="0"/>
      <line num="51" type="stmt" count="0"/>
      <line num="52" type="stmt" count="0"/>
      <line num="53" type="stmt" count="0"/>
      <line num="54" type="stmt" count="0"/>
      <line num="55" type="stmt" count="0"/>
      <line num="56" type="stmt" count="0"/>
      <line num="57" type="stmt" count="0"/>
      <line num="58" type="stmt" count="0"/>
      <line num="59" type="stmt" count="0"/>
      <line num="60" type="stmt" count="0"/>
      <line num="61" type="stmt" count="0"/>
      <line num="62" type="stmt" count="0"/>
      <line num="65" type="method" name="entityId" visibility="public" complexity="1" crap="2" count="0"/>
      <line num="67" type="stmt" count="0"/>
      <line num="70" type="method" name="entityType" visibility="public" complexity="1" crap="2" count="0"/>
      <line num="72" type="stmt" count="0"/>
      <line num="75" type="method" name="name" visibility="public" complexity="1" crap="2" count="0"/>
      <line num="77" type="stmt" count="0"/>
      <line num="80" type="method" name="birthDate" visibility="public" complexity="1" crap="2" count="0"/>
      <line num="82" type="stmt" count="0"/>
      <line num="85" type="method" name="kingdom" visibility="public" complexity="1" crap="2" count="0"/>
      <line num="87" type="stmt" count="0"/>
      <line num="90" type="method" name="equipmentId" visibility="public" complexity="1" crap="2" count="0"/>
      <line num="92" type="stmt" count="0"/>
      <line num="95" type="method" name="factionId" visibility="public" complexity="1" crap="2" count="0"/>
      <line num="97" type="stmt" count="0"/>
      <line num="100" type="method" name="toPrimitives" visibility="public" complexity="1" crap="2" count="0"/>
      <line num="102" type="stmt" count="0"/>
      <line num="103" type="stmt" count="0"/>
      <line num="104" type="stmt" count="0"/>
      <line num="105" type="stmt" count="0"/>
      <line num="106" type="stmt" count="0"/>
      <line num="107" type="stmt" count="0"/>
      <line num="108" type="stmt" count="0"/>
      <line num="109" type="stmt" count="0"/>
      <line num="112" type="method" name="aggregateName" visibility="public" complexity="1" crap="2" count="0"/>
      <line num="114" type="stmt" count="0"/>
      <metrics loc="117" ncloc="114" classes="1" methods="12" coveredmethods="0" conditionals="0" coveredconditionals="0" statements="38" coveredstatements="0" elements="50" coveredelements="0"/>
    </file>
    <file name="/var/www/src/LotrContext/Domain/Event/Character/CharacterUpdated.php">
      <class name="App\LotrContext\Domain\Event\Character\CharacterUpdated" namespace="global">
        <metrics complexity="12" methods="12" coveredmethods="0" conditionals="0" coveredconditionals="0" statements="38" coveredstatements="0" elements="50" coveredelements="0"/>
      </class>
      <line num="11" type="method" name="__construct" visibility="protected" complexity="1" crap="2" count="0"/>
      <line num="23" type="stmt" count="0"/>
      <line num="27" type="method" name="fromAggregate" visibility="public" complexity="1" crap="2" count="0"/>
      <line num="29" type="stmt" count="0"/>
      <line num="30" type="stmt" count="0"/>
      <line num="31" type="stmt" count="0"/>
      <line num="32" type="stmt" count="0"/>
      <line num="33" type="stmt" count="0"/>
      <line num="34" type="stmt" count="0"/>
      <line num="35" type="stmt" count="0"/>
      <line num="36" type="stmt" count="0"/>
      <line num="37" type="stmt" count="0"/>
      <line num="41" type="method" name="fromPrimitives" visibility="public" complexity="1" crap="2" count="0"/>
      <line num="49" type="stmt" count="0"/>
      <line num="50" type="stmt" count="0"/>
      <line num="51" type="stmt" count="0"/>
      <line num="52" type="stmt" count="0"/>
      <line num="53" type="stmt" count="0"/>
      <line num="54" type="stmt" count="0"/>
      <line num="55" type="stmt" count="0"/>
      <line num="56" type="stmt" count="0"/>
      <line num="57" type="stmt" count="0"/>
      <line num="58" type="stmt" count="0"/>
      <line num="59" type="stmt" count="0"/>
      <line num="60" type="stmt" count="0"/>
      <line num="63" type="method" name="entityId" visibility="public" complexity="1" crap="2" count="0"/>
      <line num="65" type="stmt" count="0"/>
      <line num="68" type="method" name="entityType" visibility="public" complexity="1" crap="2" count="0"/>
      <line num="70" type="stmt" count="0"/>
      <line num="73" type="method" name="name" visibility="public" complexity="1" crap="2" count="0"/>
      <line num="75" type="stmt" count="0"/>
      <line num="78" type="method" name="birthDate" visibility="public" complexity="1" crap="2" count="0"/>
      <line num="80" type="stmt" count="0"/>
      <line num="83" type="method" name="kingdom" visibility="public" complexity="1" crap="2" count="0"/>
      <line num="85" type="stmt" count="0"/>
      <line num="88" type="method" name="equipmentId" visibility="public" complexity="1" crap="2" count="0"/>
      <line num="90" type="stmt" count="0"/>
      <line num="93" type="method" name="factionId" visibility="public" complexity="1" crap="2" count="0"/>
      <line num="95" type="stmt" count="0"/>
      <line num="98" type="method" name="toPrimitives" visibility="public" complexity="1" crap="2" count="0"/>
      <line num="100" type="stmt" count="0"/>
      <line num="101" type="stmt" count="0"/>
      <line num="102" type="stmt" count="0"/>
      <line num="103" type="stmt" count="0"/>
      <line num="104" type="stmt" count="0"/>
      <line num="105" type="stmt" count="0"/>
      <line num="106" type="stmt" count="0"/>
      <line num="107" type="stmt" count="0"/>
      <line num="110" type="method" name="aggregateName" visibility="public" complexity="1" crap="2" count="0"/>
      <line num="112" type="stmt" count="0"/>
      <metrics loc="115" ncloc="112" classes="1" methods="12" coveredmethods="0" conditionals="0" coveredconditionals="0" statements="38" coveredstatements="0" elements="50" coveredelements="0"/>
    </file>
    <file name="/var/www/src/LotrContext/Domain/Event/Equipment/EquipmentCreated.php">
      <class name="App\LotrContext\Domain\Event\Equipment\EquipmentCreated" namespace="global">
        <metrics complexity="10" methods="10" coveredmethods="2" conditionals="0" coveredconditionals="0" statements="30" coveredstatements="8" elements="40" coveredelements="10"/>
      </class>
      <line num="13" type="method" name="__construct" visibility="protected" complexity="1" crap="1" count="8"/>
      <line num="23" type="stmt" count="8"/>
      <line num="27" type="method" name="fromAggregate" visibility="public" complexity="1" crap="1" count="8"/>
      <line num="29" type="stmt" count="8"/>
      <line num="30" type="stmt" count="8"/>
      <line num="31" type="stmt" count="8"/>
      <line num="32" type="stmt" count="8"/>
      <line num="33" type="stmt" count="8"/>
      <line num="34" type="stmt" count="8"/>
      <line num="35" type="stmt" count="8"/>
      <line num="39" type="method" name="fromPrimitives" visibility="public" complexity="1" crap="2" count="0"/>
      <line num="47" type="stmt" count="0"/>
      <line num="48" type="stmt" count="0"/>
      <line num="49" type="stmt" count="0"/>
      <line num="50" type="stmt" count="0"/>
      <line num="51" type="stmt" count="0"/>
      <line num="52" type="stmt" count="0"/>
      <line num="53" type="stmt" count="0"/>
      <line num="54" type="stmt" count="0"/>
      <line num="55" type="stmt" count="0"/>
      <line num="56" type="stmt" count="0"/>
      <line num="59" type="method" name="entityId" visibility="public" complexity="1" crap="2" count="0"/>
      <line num="61" type="stmt" count="0"/>
      <line num="64" type="method" name="entityType" visibility="public" complexity="1" crap="2" count="0"/>
      <line num="66" type="stmt" count="0"/>
      <line num="69" type="method" name="name" visibility="public" complexity="1" crap="2" count="0"/>
      <line num="71" type="stmt" count="0"/>
      <line num="74" type="method" name="type" visibility="public" complexity="1" crap="2" count="0"/>
      <line num="76" type="stmt" count="0"/>
      <line num="79" type="method" name="madeBy" visibility="public" complexity="1" crap="2" count="0"/>
      <line num="81" type="stmt" count="0"/>
      <line num="84" type="method" name="toPrimitives" visibility="public" complexity="1" crap="2" count="0"/>
      <line num="86" type="stmt" count="0"/>
      <line num="87" type="stmt" count="0"/>
      <line num="88" type="stmt" count="0"/>
      <line num="89" type="stmt" count="0"/>
      <line num="90" type="stmt" count="0"/>
      <line num="91" type="stmt" count="0"/>
      <line num="94" type="method" name="aggregateName" visibility="public" complexity="1" crap="2" count="0"/>
      <line num="96" type="stmt" count="0"/>
      <metrics loc="99" ncloc="96" classes="1" methods="10" coveredmethods="2" conditionals="0" coveredconditionals="0" statements="30" coveredstatements="8" elements="40" coveredelements="10"/>
    </file>
    <file name="/var/www/src/LotrContext/Domain/Event/Equipment/EquipmentDeleted.php">
      <class name="App\LotrContext\Domain\Event\Equipment\EquipmentDeleted" namespace="global">
        <metrics complexity="10" methods="10" coveredmethods="2" conditionals="0" coveredconditionals="0" statements="30" coveredstatements="8" elements="40" coveredelements="10"/>
      </class>
      <line num="13" type="method" name="__construct" visibility="protected" complexity="1" crap="1" count="1"/>
      <line num="23" type="stmt" count="1"/>
      <line num="27" type="method" name="fromAggregate" visibility="public" complexity="1" crap="1" count="1"/>
      <line num="29" type="stmt" count="1"/>
      <line num="30" type="stmt" count="1"/>
      <line num="31" type="stmt" count="1"/>
      <line num="32" type="stmt" count="1"/>
      <line num="33" type="stmt" count="1"/>
      <line num="34" type="stmt" count="1"/>
      <line num="35" type="stmt" count="1"/>
      <line num="39" type="method" name="fromPrimitives" visibility="public" complexity="1" crap="2" count="0"/>
      <line num="47" type="stmt" count="0"/>
      <line num="48" type="stmt" count="0"/>
      <line num="49" type="stmt" count="0"/>
      <line num="50" type="stmt" count="0"/>
      <line num="51" type="stmt" count="0"/>
      <line num="52" type="stmt" count="0"/>
      <line num="53" type="stmt" count="0"/>
      <line num="54" type="stmt" count="0"/>
      <line num="55" type="stmt" count="0"/>
      <line num="56" type="stmt" count="0"/>
      <line num="59" type="method" name="entityId" visibility="public" complexity="1" crap="2" count="0"/>
      <line num="61" type="stmt" count="0"/>
      <line num="64" type="method" name="entityType" visibility="public" complexity="1" crap="2" count="0"/>
      <line num="66" type="stmt" count="0"/>
      <line num="69" type="method" name="name" visibility="public" complexity="1" crap="2" count="0"/>
      <line num="71" type="stmt" count="0"/>
      <line num="74" type="method" name="type" visibility="public" complexity="1" crap="2" count="0"/>
      <line num="76" type="stmt" count="0"/>
      <line num="79" type="method" name="madeBy" visibility="public" complexity="1" crap="2" count="0"/>
      <line num="81" type="stmt" count="0"/>
      <line num="84" type="method" name="toPrimitives" visibility="public" complexity="1" crap="2" count="0"/>
      <line num="86" type="stmt" count="0"/>
      <line num="87" type="stmt" count="0"/>
      <line num="88" type="stmt" count="0"/>
      <line num="89" type="stmt" count="0"/>
      <line num="90" type="stmt" count="0"/>
      <line num="91" type="stmt" count="0"/>
      <line num="94" type="method" name="aggregateName" visibility="public" complexity="1" crap="2" count="0"/>
      <line num="96" type="stmt" count="0"/>
      <metrics loc="99" ncloc="96" classes="1" methods="10" coveredmethods="2" conditionals="0" coveredconditionals="0" statements="30" coveredstatements="8" elements="40" coveredelements="10"/>
    </file>
    <file name="/var/www/src/LotrContext/Domain/Event/Equipment/EquipmentUpdated.php">
      <class name="App\LotrContext\Domain\Event\Equipment\EquipmentUpdated" namespace="global">
        <metrics complexity="10" methods="10" coveredmethods="2" conditionals="0" coveredconditionals="0" statements="30" coveredstatements="8" elements="40" coveredelements="10"/>
      </class>
      <line num="13" type="method" name="__construct" visibility="protected" complexity="1" crap="1" count="1"/>
      <line num="23" type="stmt" count="1"/>
      <line num="27" type="method" name="fromAggregate" visibility="public" complexity="1" crap="1" count="1"/>
      <line num="29" type="stmt" count="1"/>
      <line num="30" type="stmt" count="1"/>
      <line num="31" type="stmt" count="1"/>
      <line num="32" type="stmt" count="1"/>
      <line num="33" type="stmt" count="1"/>
      <line num="34" type="stmt" count="1"/>
      <line num="35" type="stmt" count="1"/>
      <line num="39" type="method" name="fromPrimitives" visibility="public" complexity="1" crap="2" count="0"/>
      <line num="47" type="stmt" count="0"/>
      <line num="48" type="stmt" count="0"/>
      <line num="49" type="stmt" count="0"/>
      <line num="50" type="stmt" count="0"/>
      <line num="51" type="stmt" count="0"/>
      <line num="52" type="stmt" count="0"/>
      <line num="53" type="stmt" count="0"/>
      <line num="54" type="stmt" count="0"/>
      <line num="55" type="stmt" count="0"/>
      <line num="56" type="stmt" count="0"/>
      <line num="59" type="method" name="entityId" visibility="public" complexity="1" crap="2" count="0"/>
      <line num="61" type="stmt" count="0"/>
      <line num="64" type="method" name="entityType" visibility="public" complexity="1" crap="2" count="0"/>
      <line num="66" type="stmt" count="0"/>
      <line num="69" type="method" name="name" visibility="public" complexity="1" crap="2" count="0"/>
      <line num="71" type="stmt" count="0"/>
      <line num="74" type="method" name="type" visibility="public" complexity="1" crap="2" count="0"/>
      <line num="76" type="stmt" count="0"/>
      <line num="79" type="method" name="madeBy" visibility="public" complexity="1" crap="2" count="0"/>
      <line num="81" type="stmt" count="0"/>
      <line num="84" type="method" name="toPrimitives" visibility="public" complexity="1" crap="2" count="0"/>
      <line num="86" type="stmt" count="0"/>
      <line num="87" type="stmt" count="0"/>
      <line num="88" type="stmt" count="0"/>
      <line num="89" type="stmt" count="0"/>
      <line num="90" type="stmt" count="0"/>
      <line num="91" type="stmt" count="0"/>
      <line num="94" type="method" name="aggregateName" visibility="public" complexity="1" crap="2" count="0"/>
      <line num="96" type="stmt" count="0"/>
      <metrics loc="99" ncloc="96" classes="1" methods="10" coveredmethods="2" conditionals="0" coveredconditionals="0" statements="30" coveredstatements="8" elements="40" coveredelements="10"/>
    </file>
    <file name="/var/www/src/LotrContext/Domain/Event/Faction/FactionCreated.php">
      <class name="App\LotrContext\Domain\Event\Faction\FactionCreated" namespace="global">
        <metrics complexity="9" methods="9" coveredmethods="2" conditionals="0" coveredconditionals="0" statements="26" coveredstatements="7" elements="35" coveredelements="9"/>
      </class>
[...]
    <file name="/var/www/src/Shared/Domain/MessageExtractor.php">
      <class name="App\Shared\Domain\MessageExtractor" namespace="global">
        <metrics complexity="4" methods="4" coveredmethods="0" conditionals="0" coveredconditionals="0" statements="9" coveredstatements="0" elements="13" coveredelements="0"/>
      </class>
      <line num="9" type="method" name="messageAggregateContext" visibility="public" complexity="1" crap="2" count="0"/>
      <line num="11" type="stmt" count="0"/>
      <line num="12" type="stmt" count="0"/>
      <line num="14" type="stmt" count="0"/>
      <line num="18" type="method" name="messageAggregateAction" visibility="public" complexity="1" crap="2" count="0"/>
      <line num="20" type="stmt" count="0"/>
      <line num="21" type="stmt" count="0"/>
      <line num="23" type="stmt" count="0"/>
      <line num="26" type="method" name="messageAggregateName" visibility="public" complexity="1" crap="2" count="0"/>
      <line num="28" type="stmt" count="0"/>
      <line num="30" type="stmt" count="0"/>
      <line num="37" type="method" name="messageApplicationId" visibility="public" complexity="1" crap="2" count="0"/>
      <line num="39" type="stmt" count="0"/>
      <metrics loc="42" ncloc="41" classes="1" methods="4" coveredmethods="0" conditionals="0" coveredconditionals="0" statements="9" coveredstatements="0" elements="13" coveredelements="0"/>
    </file>
    <file name="/var/www/src/Shared/Domain/Repository/CacheDomainRepository.php">
      <metrics loc="11" ncloc="11" classes="0" methods="0" coveredmethods="0" conditionals="0" coveredconditionals="0" statements="0" coveredstatements="0" elements="0" coveredelements="0"/>
    </file>
    <file name="/var/www/src/Shared/Domain/Repository/DomainRepository.php">
      <metrics loc="28" ncloc="22" classes="0" methods="0" coveredmethods="0" conditionals="0" coveredconditionals="0" statements="0" coveredstatements="0" elements="0" coveredelements="0"/>
    </file>
    <file name="/var/www/src/Shared/Domain/Service/Message/DomainEventToMessageNameConverter.php">
      <metrics loc="13" ncloc="13" classes="0" methods="0" coveredmethods="0" conditionals="0" coveredconditionals="0" statements="0" coveredstatements="0" elements="0" coveredelements="0"/>
    </file>
    <file name="/var/www/src/Shared/Domain/Traits/Pageable.php">
      <class name="App\Shared\Domain\Traits\Pageable" namespace="global">
        <metrics complexity="5" methods="4" coveredmethods="3" conditionals="0" coveredconditionals="0" statements="5" coveredstatements="3" elements="9" coveredelements="6"/>
      </class>
      <line num="15" type="method" name="numResults" visibility="public" complexity="1" crap="1" count="1"/>
      <line num="17" type="stmt" count="1"/>
      <line num="20" type="method" name="page" visibility="public" complexity="1" crap="1" count="1"/>
      <line num="22" type="stmt" count="1"/>
      <line num="25" type="method" name="limit" visibility="public" complexity="1" crap="1" count="1"/>
      <line num="27" type="stmt" count="1"/>
      <line num="30" type="method" name="numPages" visibility="private" complexity="2" crap="6" count="0"/>
      <line num="32" type="stmt" count="0"/>
      <line num="34" type="stmt" count="0"/>
      <metrics loc="37" ncloc="37" classes="1" methods="4" coveredmethods="3" conditionals="0" coveredconditionals="0" statements="5" coveredstatements="3" elements="9" coveredelements="6"/>
    </file>
    <file name="/var/www/src/Shared/Domain/Traits/Updatable.php">
      <class name="App\Shared\Domain\Traits\Updatable" namespace="global">
        <metrics complexity="2" methods="2" coveredmethods="0" conditionals="0" coveredconditionals="0" statements="2" coveredstatements="0" elements="4" coveredelements="0"/>
      </class>
      <line num="13" type="method" name="updatedAt" visibility="public" complexity="1" crap="2" count="0"/>
      <line num="15" type="stmt" count="0"/>
      <line num="18" type="method" name="updatedAtNow" visibility="private" complexity="1" crap="2" count="0"/>
      <line num="20" type="stmt" count="0"/>
      <metrics loc="23" ncloc="23" classes="1" methods="2" coveredmethods="0" conditionals="0" coveredconditionals="0" statements="2" coveredstatements="0" elements="4" coveredelements="0"/>
    </file>
    <file name="/var/www/src/Shared/Domain/ValueObject/DateTimeValueObject.php">
      <class name="App\Shared\Domain\ValueObject\DateTimeValueObject" namespace="global">
        <metrics complexity="21" methods="16" coveredmethods="4" conditionals="0" coveredconditionals="0" statements="29" coveredstatements="6" elements="45" coveredelements="10"/>
      </class>
      <line num="20" type="method" name="__construct" visibility="private" complexity="1" crap="1" count="9"/>
      <line num="22" type="stmt" count="9"/>
      <line num="23" type="stmt" count="9"/>
      <line num="27" type="method" name="withDatetime" visibility="public" complexity="1" crap="2" count="0"/>
      <line num="29" type="stmt" count="0"/>
      <line num="30" type="stmt" count="0"/>
      <line num="32" type="stmt" count="0"/>
      <line num="35" type="method" name="now" visibility="public" complexity="1" crap="1" count="9"/>
      <line num="37" type="stmt" count="9"/>
      <line num="39" type="stmt" count="9"/>
      <line num="43" type="method" name="fromOrNull" visibility="public" complexity="2" crap="6" count="0"/>
      <line num="45" type="stmt" count="0"/>
      <line num="51" type="method" name="from" visibility="public" complexity="1" crap="2" count="0"/>
      <line num="53" type="stmt" count="0"/>
      <line num="57" type="method" name="fromTimestamp" visibility="public" complexity="1" crap="2" count="0"/>
      <line num="59" type="stmt" count="0"/>
      <line num="62" type="method" name="subInterval" visibility="public" complexity="1" crap="2" count="0"/>
      <line num="64" type="stmt" count="0"/>
      <line num="66" type="stmt" count="0"/>
      <line num="70" type="method" name="isEqualTo" visibility="public" complexity="1" crap="2" count="0"/>
      <line num="72" type="stmt" count="0"/>
      <line num="74" type="stmt" count="0"/>
      <line num="75" type="stmt" count="0"/>
      <line num="76" type="stmt" count="0"/>
      <line num="84" type="method" name="isNewerThanNowSubInterval" visibility="public" complexity="1" crap="2" count="0"/>
      <line num="86" type="stmt" count="0"/>
      <line num="88" type="stmt" count="0"/>
      <line num="91" type="method" name="datetime" visibility="public" complexity="1" crap="2" count="0"/>
      <line num="93" type="stmt" count="0"/>
      <line num="96" type="method" name="jsonSerialize" visibility="public" complexity="1" crap="2" count="0"/>
      <line num="98" type="stmt" count="0"/>
      <line num="101" type="method" name="__toString" visibility="public" complexity="1" crap="2" count="0"/>
      <line num="103" type="stmt" count="0"/>
      <line num="106" type="method" name="toRfc3339String" visibility="public" complexity="1" crap="1" count="9"/>
      <line num="108" type="stmt" count="9"/>
      <line num="112" type="method" name="assertTimezone" visibility="private" complexity="2" crap="6" count="0"/>
      <line num="115" type="stmt" count="0"/>
      <line num="116" type="stmt" count="0"/>
      <line num="117" type="stmt" count="0"/>
      <line num="122" type="method" name="assertDatetime" visibility="private" complexity="4" crap="20" count="0"/>
      <line num="124" type="stmt" count="0"/>
      <line num="126" type="stmt" count="0"/>
      <line num="127" type="stmt" count="0"/>
      <line num="131" type="method" name="timestampMs" visibility="public" complexity="1" crap="1" count="9"/>
      <line num="133" type="stmt" count="9"/>
      <metrics loc="136" ncloc="122" classes="1" methods="16" coveredmethods="4" conditionals="0" coveredconditionals="0" statements="29" coveredstatements="6" elements="45" coveredelements="10"/>
    </file>
    <file name="/var/www/src/Shared/Domain/ValueObject/Email.php">
      <class name="App\Shared\Domain\ValueObject\Email" namespace="global">
        <metrics complexity="2" methods="2" coveredmethods="0" conditionals="0" coveredconditionals="0" statements="3" coveredstatements="0" elements="5" coveredelements="0"/>
      </class>
      <line num="11" type="method" name="email" visibility="public" complexity="1" crap="2" count="0"/>
      <line num="13" type="stmt" count="0"/>
      <line num="16" type="method" name="ensureItIsValid" visibility="protected" complexity="1" crap="2" count="0"/>
      <line num="18" type="stmt" count="0"/>
      <line num="20" type="stmt" count="0"/>
      <metrics loc="23" ncloc="23" classes="1" methods="2" coveredmethods="0" conditionals="0" coveredconditionals="0" statements="3" coveredstatements="0" elements="5" coveredelements="0"/>
    </file>
    <file name="/var/www/src/Shared/Domain/ValueObject/Name.php">
      <class name="App\Shared\Domain\ValueObject\Name" namespace="global">
        <metrics complexity="12" methods="9" coveredmethods="6" conditionals="0" coveredconditionals="0" statements="11" coveredstatements="8" elements="20" coveredelements="14"/>
      </class>
      <line num="17" type="method" name="__construct" visibility="private" complexity="1" crap="1" count="9"/>
      <line num="19" type="stmt" count="9"/>
      <line num="23" type="method" name="from" visibility="public" complexity="1" crap="1" count="9"/>
      <line num="25" type="stmt" count="9"/>
      <line num="29" type="method" name="fromOrNull" visibility="public" complexity="2" crap="6" count="0"/>
      <line num="31" type="stmt" count="0"/>
      <line num="34" type="method" name="__toString" visibility="public" complexity="1" crap="1" count="4"/>
      <line num="36" type="stmt" count="4"/>
      <line num="39" type="method" name="jsonSerialize" visibility="public" complexity="1" crap="2" count="0"/>
      <line num="41" type="stmt" count="0"/>
      <line num="44" type="method" name="isEqualTo" visibility="public" complexity="3" crap="12" count="0"/>
      <line num="46" type="stmt" count="0"/>
      <line num="49" type="method" name="value" visibility="public" complexity="1" crap="1" count="9"/>
      <line num="51" type="stmt" count="9"/>
      <line num="55" type="method" name="setValue" visibility="protected" complexity="1" crap="1" count="9"/>
      <line num="57" type="stmt" count="9"/>
      <line num="58" type="stmt" count="9"/>
      <line num="62" type="method" name="ensureItIsValid" visibility="protected" complexity="1" crap="1" count="9"/>
      <line num="64" type="stmt" count="9"/>
      <line num="65" type="stmt" count="9"/>
      <metrics loc="68" ncloc="63" classes="1" methods="9" coveredmethods="6" conditionals="0" coveredconditionals="0" statements="11" coveredstatements="8" elements="20" coveredelements="14"/>
    </file>
    <file name="/var/www/src/Shared/Domain/ValueObject/PositiveIntegerValueObject.php">
      <class name="App\Shared\Domain\ValueObject\PositiveIntegerValueObject" namespace="global">
        <metrics complexity="11" methods="8" coveredmethods="4" conditionals="0" coveredconditionals="0" statements="9" coveredstatements="5" elements="17" coveredelements="9"/>
      </class>
      <line num="18" type="method" name="__construct" visibility="private" complexity="1" crap="1" count="1"/>
      <line num="20" type="stmt" count="1"/>
      <line num="24" type="method" name="fromOrNull" visibility="public" complexity="2" crap="6" count="0"/>
      <line num="26" type="stmt" count="0"/>
      <line num="30" type="method" name="from" visibility="public" complexity="1" crap="1" count="1"/>
      <line num="32" type="stmt" count="1"/>
      <line num="35" type="method" name="isEqualTo" visibility="public" complexity="3" crap="12" count="0"/>
      <line num="37" type="stmt" count="0"/>
      <line num="40" type="method" name="value" visibility="public" complexity="1" crap="1" count="1"/>
      <line num="42" type="stmt" count="1"/>
      <line num="45" type="method" name="__toString" visibility="public" complexity="1" crap="2" count="0"/>
      <line num="47" type="stmt" count="0"/>
      <line num="50" type="method" name="jsonSerialize" visibility="public" complexity="1" crap="2" count="0"/>
      <line num="52" type="stmt" count="0"/>
      <line num="56" type="method" name="changeNumber" visibility="private" complexity="1" crap="1" count="1"/>
      <line num="58" type="stmt" count="1"/>
      <line num="59" type="stmt" count="1"/>
      <metrics loc="62" ncloc="57" classes="1" methods="8" coveredmethods="4" conditionals="0" coveredconditionals="0" statements="9" coveredstatements="5" elements="17" coveredelements="9"/>
    </file>
    <file name="/var/www/src/Shared/Domain/ValueObject/StringValueObject.php">
      <class name="App\Shared\Domain\ValueObject\StringValueObject" namespace="global">
        <metrics complexity="12" methods="9" coveredmethods="6" conditionals="0" coveredconditionals="0" statements="10" coveredstatements="7" elements="19" coveredelements="13"/>
      </class>
      <line num="15" type="method" name="__construct" visibility="private" complexity="1" crap="1" count="1"/>
      <line num="17" type="stmt" count="1"/>
      <line num="21" type="method" name="from" visibility="public" complexity="1" crap="1" count="1"/>
      <line num="23" type="stmt" count="1"/>
      <line num="27" type="method" name="fromOrNull" visibility="public" complexity="2" crap="6" count="0"/>
      <line num="29" type="stmt" count="0"/>
      <line num="32" type="method" name="__toString" visibility="public" complexity="1" crap="1" count="1"/>
      <line num="34" type="stmt" count="1"/>
      <line num="37" type="method" name="jsonSerialize" visibility="public" complexity="1" crap="2" count="0"/>
      <line num="39" type="stmt" count="0"/>
      <line num="42" type="method" name="isEqualTo" visibility="public" complexity="3" crap="12" count="0"/>
      <line num="44" type="stmt" count="0"/>
      <line num="47" type="method" name="value" visibility="public" complexity="1" crap="1" count="1"/>
      <line num="49" type="stmt" count="1"/>
      <line num="53" type="method" name="setValue" visibility="protected" complexity="1" crap="1" count="1"/>
      <line num="55" type="stmt" count="1"/>
      <line num="56" type="stmt" count="1"/>
      <line num="60" type="method" name="ensureItIsValid" visibility="protected" complexity="1" crap="1" count="1"/>
      <line num="62" type="stmt" count="1"/>
      <metrics loc="65" ncloc="60" classes="1" methods="9" coveredmethods="6" conditionals="0" coveredconditionals="0" statements="10" coveredstatements="7" elements="19" coveredelements="13"/>
    </file>
    <file name="/var/www/src/Shared/Domain/ValueObject/Token.php">
      <class name="App\Shared\Domain\ValueObject\Token" namespace="global">
        <metrics complexity="1" methods="1" coveredmethods="0" conditionals="0" coveredconditionals="0" statements="1" coveredstatements="0" elements="2" coveredelements="0"/>
      </class>
      <line num="13" type="method" name="ensureItIsValid" visibility="protected" complexity="1" crap="2" count="0"/>
      <line num="15" type="stmt" count="0"/>
      <metrics loc="18" ncloc="18" classes="1" methods="1" coveredmethods="0" conditionals="0" coveredconditionals="0" statements="1" coveredstatements="0" elements="2" coveredelements="0"/>
    </file>
    <file name="/var/www/src/Shared/Domain/ValueObject/Uuid.php">
      <class name="App\Shared\Domain\ValueObject\Uuid" namespace="global">
        <metrics complexity="9" methods="8" coveredmethods="6" conditionals="0" coveredconditionals="0" statements="9" coveredstatements="7" elements="17" coveredelements="13"/>
      </class>
      <line num="16" type="method" name="__construct" visibility="public" complexity="1" crap="1" count="10"/>
      <line num="18" type="stmt" count="10"/>
      <line num="21" type="method" name="from" visibility="public" complexity="1" crap="1" count="10"/>
      <line num="23" type="stmt" count="10"/>
      <line num="26" type="method" name="random" visibility="public" complexity="1" crap="1" count="10"/>
      <line num="28" type="stmt" count="10"/>
      <line num="31" type="method" name="id" visibility="public" complexity="1" crap="1" count="10"/>
      <line num="33" type="stmt" count="10"/>
      <line num="36" type="method" name="__toString" visibility="public" complexity="1" crap="1" count="9"/>
      <line num="38" type="stmt" count="9"/>
      <line num="41" type="method" name="isEqualTo" visibility="public" complexity="2" crap="6" count="0"/>
      <line num="43" type="stmt" count="0"/>
      <line num="46" type="method" name="jsonSerialize" visibility="public" complexity="1" crap="2" count="0"/>
      <line num="48" type="stmt" count="0"/>
      <line num="52" type="method" name="setValue" visibility="public" complexity="1" crap="1" count="10"/>
      <line num="54" type="stmt" count="10"/>
      <line num="56" type="stmt" count="10"/>
      <metrics loc="59" ncloc="57" classes="1" methods="8" coveredmethods="6" conditionals="0" coveredconditionals="0" statements="9" coveredstatements="7" elements="17" coveredelements="13"/>
    </file>
    <file name="/var/www/src/Shared/Domain/ValueObject/ValueObject.php">
      <metrics loc="13" ncloc="13" classes="0" methods="0" coveredmethods="0" conditionals="0" coveredconditionals="0" statements="0" coveredstatements="0" elements="0" coveredelements="0"/>
    </file>
    <file name="/var/www/src/UserContext/Domain/Aggregate/User.php">
      <class name="App\UserContext\Domain\Aggregate\User" namespace="global">
        <metrics complexity="8" methods="8" coveredmethods="0" conditionals="0" coveredconditionals="0" statements="18" coveredstatements="0" elements="26" coveredelements="0"/>
      </class>
      <line num="18" type="method" name="__construct" visibility="private" complexity="1" crap="2" count="0"/>
      <line num="24" type="stmt" count="0"/>
      <line num="27" type="method" name="from" visibility="public" complexity="1" crap="2" count="0"/>
      <line num="33" type="stmt" count="0"/>
      <line num="34" type="stmt" count="0"/>
      <line num="35" type="stmt" count="0"/>
      <line num="36" type="stmt" count="0"/>
      <line num="37" type="stmt" count="0"/>
      <line num="38" type="stmt" count="0"/>
      <line num="41" type="method" name="id" visibility="public" complexity="1" crap="2" count="0"/>
      <line num="43" type="stmt" count="0"/>
      <line num="46" type="method" name="email" visibility="public" complexity="1" crap="2" count="0"/>
      <line num="48" type="stmt" count="0"/>
      <line num="51" type="method" name="token" visibility="public" complexity="1" crap="2" count="0"/>
      <line num="53" type="stmt" count="0"/>
      <line num="56" type="method" name="createdAt" visibility="public" complexity="1" crap="2" count="0"/>
      <line num="58" type="stmt" count="0"/>
      <line num="61" type="method" name="__toString" visibility="public" complexity="1" crap="2" count="0"/>
      <line num="63" type="stmt" count="0"/>
      <line num="73" type="method" name="jsonSerialize" visibility="public" complexity="1" crap="2" count="0"/>
      <line num="75" type="stmt" count="0"/>
      <line num="76" type="stmt" count="0"/>
      <line num="77" type="stmt" count="0"/>
      <line num="78" type="stmt" count="0"/>
      <line num="79" type="stmt" count="0"/>
      <line num="80" type="stmt" count="0"/>
      <metrics loc="83" ncloc="76" classes="1" methods="8" coveredmethods="0" conditionals="0" coveredconditionals="0" statements="18" coveredstatements="0" elements="26" coveredelements="0"/>
    </file>
    <metrics files="127" loc="5302" ncloc="4861" classes="96" methods="399" coveredmethods="119" conditionals="0" coveredconditionals="0" statements="1101" coveredstatements="307" elements="1500" coveredelements="426"/>
  </project>
</coverage>
